[debug] [2022-02-21T10:02:56.998Z] ----------------------------------------------------------------------
[debug] [2022-02-21T10:02:56.999Z] Command:       C:\Program Files\nodejs\node.exe C:\Users\Divya Zala\AppData\Roaming\npm\node_modules\firebase-tools\lib\bin\firebase.js login
[debug] [2022-02-21T10:02:57.000Z] CLI Version:   10.2.1
[debug] [2022-02-21T10:02:57.000Z] Platform:      win32
[debug] [2022-02-21T10:02:57.000Z] Node Version:  v16.13.0
[debug] [2022-02-21T10:02:57.000Z] Time:          Mon Feb 21 2022 15:32:57 GMT+0530 (India Standard Time)
[debug] [2022-02-21T10:02:57.000Z] ----------------------------------------------------------------------
[debug] 
[info] i  Firebase optionally collects CLI usage and error reporting information to help improve our products. Data is collected in accordance with Google's privacy policy (https://policies.google.com/privacy) and is not used to identify you.
 
[info] i  To change your data collection preference at any time, run `firebase logout` and log in again. 
[info] 
[info] Visit this URL on this device to log in:
[info] https://accounts.google.com/o/oauth2/auth?client_id=563584335869-fgrhgmd47bqnekij5i8b5pr03ho849e6.apps.googleusercontent.com&scope=email%20openid%20https%3A%2F%2Fwww.googleapis.com%2Fauth%2Fcloudplatformprojects.readonly%20https%3A%2F%2Fwww.googleapis.com%2Fauth%2Ffirebase%20https%3A%2F%2Fwww.googleapis.com%2Fauth%2Fcloud-platform&response_type=code&state=950070156&redirect_uri=http%3A%2F%2Flocalhost%3A9005
[info] 
[info] Waiting for authentication...
[debug] [2022-02-21T10:03:00.992Z] Error: spawn cmd ENOENT
    at Process.ChildProcess._handle.onexit (node:internal/child_process:282:19)
    at onErrorNT (node:internal/child_process:477:16)
    at processTicksAndRejections (node:internal/process/task_queues:83:21)
[error] 
[error] Error: An unexpected error has occurred.
[debug] [2022-02-21T10:24:42.317Z] ----------------------------------------------------------------------
[debug] [2022-02-21T10:24:42.319Z] Command:       C:\Program Files\nodejs\node.exe C:\Users\Divya Zala\AppData\Roaming\npm\node_modules\firebase-tools\lib\bin\firebase.js login
[debug] [2022-02-21T10:24:42.319Z] CLI Version:   10.2.1
[debug] [2022-02-21T10:24:42.319Z] Platform:      win32
[debug] [2022-02-21T10:24:42.319Z] Node Version:  v16.13.0
[debug] [2022-02-21T10:24:42.320Z] Time:          Mon Feb 21 2022 15:54:42 GMT+0530 (India Standard Time)
[debug] [2022-02-21T10:24:42.320Z] ----------------------------------------------------------------------
[debug] 
[info] i  Firebase optionally collects CLI usage and error reporting information to help improve our products. Data is collected in accordance with Google's privacy policy (https://policies.google.com/privacy) and is not used to identify you.
 
[info] i  To change your data collection preference at any time, run `firebase logout` and log in again. 
[info] 
[info] Visit this URL on this device to log in:
[info] https://accounts.google.com/o/oauth2/auth?client_id=563584335869-fgrhgmd47bqnekij5i8b5pr03ho849e6.apps.googleusercontent.com&scope=email%20openid%20https%3A%2F%2Fwww.googleapis.com%2Fauth%2Fcloudplatformprojects.readonly%20https%3A%2F%2Fwww.googleapis.com%2Fauth%2Ffirebase%20https%3A%2F%2Fwww.googleapis.com%2Fauth%2Fcloud-platform&response_type=code&state=507280281&redirect_uri=http%3A%2F%2Flocalhost%3A9005
[info] 
[info] Waiting for authentication...
[debug] [2022-02-21T10:24:46.584Z] Error: spawn cmd ENOENT
    at Process.ChildProcess._handle.onexit (node:internal/child_process:282:19)
    at onErrorNT (node:internal/child_process:477:16)
    at processTicksAndRejections (node:internal/process/task_queues:83:21)
[error] 
[error] Error: An unexpected error has occurred.
